Yggdrasil
Winslow Heath
Cutlass Charlie
Captain Vurm
Sagebrush the goldminer
Erdoes
Fredd
Kanu
Marjorie Barto
Alex Gregson
Brenda Tomorrow
King Pomor
Mudd
James Cullen
Chu-sa
Zwerg
Detective Belivell
Lord Satanis
Sludge
Lament
Storm Boy
Detective Farruci
Peter Pauling
Kolomaq
Reggie
Trace
Jonathan Drew
Delphinia
Strange Visitor
Inspector Zeel
ThunderSpawn
Borb Borbb
Agent !
Lightwave
Motormouth
Aroma
Gloria Brickman
Hammer Hogan
Bloodthirst
Threllin
Drake Alexander
Korsa
Auralie
Captain Mansfield
Incinerator
Scanner
Richard Rory
Tomas Rodriguez
Singularity
War Eagle
Doll Girl
Grand Duke Ivan Veston
Arrowette
Tara Ogord
Merklynn
Vera
Shagreen
Prince Colwyn
Quanto
Kathana
Bigfoot
Putty
Amanda Spence
Drom the Spirit Weaver
Evelyn Fogg
Cyclone (Gerard)
Vyrra
Debbie Harris
Jackie Connelly
Maxwell Leeds
Victor
Wax man
Grendon
Computer Graham
Sir Marcus Grantby-Fox
Gaza
Chorus Sentry
L-Ro
