[2018-10-31 20:53:31]Failed to start request processor: AMQPConnectionException: Socket error: could not connect to host. in /home/kevin/git/IT490Comic/rabbitFiles/rabbitMQLib.inc:121
Stack trace:
#0 /home/kevin/git/IT490Comic/rabbitFiles/rabbitMQLib.inc(121): AMQPConnection->connect()
#1 /home/kevin/git/IT490Comic/rabbitFiles/loginServer.php(511): rabbitMQServer->process_requests('requestProcesso...')
#2 {main}
[2018-10-31 20:53:34]Failed to start request processor: AMQPConnectionException: Socket error: could not connect to host. in /home/kevin/git/IT490Comic/rabbitFiles/rabbitMQLib.inc:121
Stack trace:
#0 /home/kevin/git/IT490Comic/rabbitFiles/rabbitMQLib.inc(121): AMQPConnection->connect()
#1 /home/kevin/git/IT490Comic/rabbitFiles/matchServer.php(108): rabbitMQServer->process_requests('requestProcesso...')
#2 {main}
[2018-10-31 21:10:33]Failed to start request processor: AMQPConnectionException: Socket error: could not connect to host. in /home/kevin/git/IT490Comic/rabbitFiles/rabbitMQLib.inc:121
Stack trace:
#0 /home/kevin/git/IT490Comic/rabbitFiles/rabbitMQLib.inc(121): AMQPConnection->connect()
#1 /home/kevin/git/IT490Comic/rabbitFiles/loginServer.php(511): rabbitMQServer->process_requests('requestProcesso...')
#2 {main}
[2018-10-31 21:10:38]Failed to start request processor: AMQPConnectionException: Socket error: could not connect to host. in /home/kevin/git/IT490Comic/rabbitFiles/rabbitMQLib.inc:121
Stack trace:
#0 /home/kevin/git/IT490Comic/rabbitFiles/rabbitMQLib.inc(121): AMQPConnection->connect()
#1 /home/kevin/git/IT490Comic/rabbitFiles/matchServer.php(108): rabbitMQServer->process_requests('requestProcesso...')
#2 {main}
[2018-10-31 21:13:49]Failed to start request processor: AMQPConnectionException: Socket error: could not connect to host. in /home/kevin/git/IT490Comic/rabbitFiles/rabbitMQLib.inc:121
Stack trace:
#0 /home/kevin/git/IT490Comic/rabbitFiles/rabbitMQLib.inc(121): AMQPConnection->connect()
#1 /home/kevin/git/IT490Comic/rabbitFiles/loginServer.php(511): rabbitMQServer->process_requests('requestProcesso...')
#2 {main}
[2018-10-31 21:23:54]Failed to start request processor: AMQPConnectionException: Socket error: could not connect to host. in /home/kevin/git/IT490Comic/rabbitFiles/rabbitMQLib.inc:121
Stack trace:
#0 /home/kevin/git/IT490Comic/rabbitFiles/rabbitMQLib.inc(121): AMQPConnection->connect()
#1 /home/kevin/git/IT490Comic/rabbitFiles/loginServer.php(511): rabbitMQServer->process_requests('requestProcesso...')
#2 {main}
[2018-11-01 12:06:02]Connect Error in LOGIN, 2002: No such file or directory
[2018-11-01 12:37:55]Failed to start request processor: AMQPConnectionException: Socket error: could not connect to host. in /home/kevin/git/IT490Comic/rabbitFiles/rabbitMQLib.inc:121
Stack trace:
#0 /home/kevin/git/IT490Comic/rabbitFiles/rabbitMQLib.inc(121): AMQPConnection->connect()
#1 /home/kevin/git/IT490Comic/rabbitFiles/loginServer.php(511): rabbitMQServer->process_requests('requestProcesso...')
#2 {main}
[2018-11-05 11:24:12]Failed to start request processor: AMQPConnectionException: Socket error: could not connect to host. in /home/kevin/git/IT490Comic/rabbitFiles/rabbitMQLib.inc:121
Stack trace:
#0 /home/kevin/git/IT490Comic/rabbitFiles/rabbitMQLib.inc(121): AMQPConnection->connect()
#1 /home/kevin/git/IT490Comic/rabbitFiles/loginServer.php(511): rabbitMQServer->process_requests('requestProcesso...')
#2 {main}
